<?xml version="1.0" encoding="UTF-8"?>
<testng-results ignored="0" total="2" passed="2" failed="0" skipped="0">
  <reporter-output>
  </reporter-output>
  <suite started-at="2022-04-15T17:30:18 IST" name="TestNG Session Suite" finished-at="2022-04-15T17:30:31 IST" duration-ms="13158">
    <groups>
    </groups>
    <test started-at="2022-04-15T17:30:18 IST" name="Parallel Testing" finished-at="2022-04-15T17:30:31 IST" duration-ms="13158">
      <class name="TestNGTutorials.GoogleSearch">
        <test-method signature="GoogleSearchTest()[pri:0, instance:TestNGTutorials.GoogleSearch@19e4653c]" started-at="2022-04-15T17:30:18 IST" name="GoogleSearchTest" finished-at="2022-04-15T17:30:31 IST" duration-ms="13049" status="PASS">
          <reporter-output>
          </reporter-output>
        </test-method> <!-- GoogleSearchTest -->
      </class> <!-- TestNGTutorials.GoogleSearch -->
      <class name="TestNGTutorials.DragAndDrop">
        <test-method signature="dragAndDropTest()[pri:0, instance:TestNGTutorials.DragAndDrop@8f2ef19]" started-at="2022-04-15T17:30:18 IST" name="dragAndDropTest" finished-at="2022-04-15T17:30:31 IST" duration-ms="12949" status="PASS">
          <reporter-output>
          </reporter-output>
        </test-method> <!-- dragAndDropTest -->
      </class> <!-- TestNGTutorials.DragAndDrop -->
    </test> <!-- Parallel Testing -->
  </suite> <!-- TestNG Session Suite -->
</testng-results>
